


Using shader api: shaderapiempty.dll
materialPath: D:\SteamLibrary\steamapps\common\Team Fortress 2\tf\materials
Loading C:\Users\tinhanich\Documents\basplat.vmf
Patching WVT material: maps/basplat/dev/dev_blendmeasure_wvt_patch
fixing up env_cubemap materials on brush sides...
0...1...2...3...4...5...6...7...8...9...10**** leaked ****
Processing areas...done (0)
Building Faces...done (0)
FixTjuncs...
PruneNodes...
WriteBSP...
done (0)
Creating default LDR cubemaps for env_cubemap using skybox materials:
   skybox/sky_day01_01*.vmt
 ! Run buildcubemaps in the engine to get the correct cube maps.
Creating default HDR cubemaps for env_cubemap using skybox materials:
   skybox/sky_day01_01*.vmt
 ! Run buildcubemaps in the engine to get the correct cube maps.
Finding displacement neighbors...
Finding lightmap sample positions...
Displacement Alpha : 0...1...2...3...4...5...6...7...8...9...10
Building Physics collision data...
done (0) (10822 bytes)
Placing detail props : 0...1...2...3...4...5...6...7...8...9...10
Compacting texture/material tables...
Reduced 21 texinfos to 10
Reduced 3 texdatas to 2 (85 bytes to 64)
Writing C:\Users\tinhanich\Documents\basplat.bsp
MSG_FILEWRITE - Filesystem was asked to write to 'C:\Users\tinhanich\Documents\basplat.bsp', but we don't own that location. Allowing.
Wrote ZIP buffer, estimated size 106338, actual size 105990
0 seconds elapsed



Using shader api: shaderapiempty.dll
materialPath: D:\SteamLibrary\steamapps\common\Team Fortress 2\tf\materials
Loading C:\Users\tinhanich\Documents\basplat.vmf
Patching WVT material: maps/basplat/dev/dev_blendmeasure_wvt_patch
fixing up env_cubemap materials on brush sides...
0...1...2...3...4...5...6...7...8...9...10**** leaked ****
Processing areas...done (0)
Building Faces...done (0)
FixTjuncs...
PruneNodes...
WriteBSP...
done (0)
Creating default LDR cubemaps for env_cubemap using skybox materials:
   skybox/sky_day01_01*.vmt
 ! Run buildcubemaps in the engine to get the correct cube maps.
Creating default HDR cubemaps for env_cubemap using skybox materials:
   skybox/sky_day01_01*.vmt
 ! Run buildcubemaps in the engine to get the correct cube maps.
Finding displacement neighbors...
Finding lightmap sample positions...
Displacement Alpha : 0...1...2...3...4...5...6...7...8...9...10
Building Physics collision data...
done (0) (10822 bytes)
Placing detail props : 0...1...2...3...4...5...6...7...8...9...10
Compacting texture/material tables...
Reduced 21 texinfos to 10
Reduced 3 texdatas to 2 (85 bytes to 64)
Writing C:\Users\tinhanich\Documents\basplat.bsp
MSG_FILEWRITE - Filesystem was asked to write to 'C:\Users\tinhanich\Documents\basplat.bsp', but we don't own that location. Allowing.
Wrote ZIP buffer, estimated size 106338, actual size 105990
0 seconds elapsed



Using shader api: shaderapiempty.dll
materialPath: D:\SteamLibrary\steamapps\common\Team Fortress 2\tf\materials
Loading C:\Users\tinhanich\Documents\basplat.vmf
Patching WVT material: maps/basplat/dev/dev_blendmeasure_wvt_patch
fixing up env_cubemap materials on brush sides...
0...1...2...3...4...5...6...7...8...9...100...1...2...3...4...5...6...7...8...9...10Processing areas...done (0)
Building Faces...done (0)
FixTjuncs...
PruneNodes...
WriteBSP...
done (0)
writing C:\Users\tinhanich\Documents\basplat.prt...Building visibility clusters...
done (0)
Creating default LDR cubemaps for env_cubemap using skybox materials:
   skybox/sky_day01_01*.vmt
 ! Run buildcubemaps in the engine to get the correct cube maps.
Creating default HDR cubemaps for env_cubemap using skybox materials:
   skybox/sky_day01_01*.vmt
 ! Run buildcubemaps in the engine to get the correct cube maps.
Finding displacement neighbors...
Finding lightmap sample positions...
Displacement Alpha : 0...1...2...3...4...5...6...7...8...9...10
Building Physics collision data...
done (0) (10822 bytes)
Placing detail props : 0...1...2...3...4...5...6...7...8...9...10
Compacting texture/material tables...
Reduced 21 texinfos to 7
Reduced 3 texdatas to 2 (85 bytes to 64)
Writing C:\Users\tinhanich\Documents\basplat.bsp
MSG_FILEWRITE - Filesystem was asked to write to 'C:\Users\tinhanich\Documents\basplat.bsp', but we don't own that location. Allowing.
Wrote ZIP buffer, estimated size 106338, actual size 105990
0 seconds elapsed



Using shader api: shaderapiempty.dll
materialPath: D:\SteamLibrary\steamapps\common\Team Fortress 2\tf\materials
Loading C:\Users\tinhanich\Documents\basplat.vmf
Patching WVT material: maps/basplat/dev/dev_blendmeasure_wvt_patch
fixing up env_cubemap materials on brush sides...
0...1...2...3...4...5...6...7...8...9...100...1...2...3...4...5...6...7...8...9...10Processing areas...done (0)
Building Faces...done (0)
FixTjuncs...
PruneNodes...
WriteBSP...
done (0)
writing C:\Users\tinhanich\Documents\basplat.prt...Building visibility clusters...
done (0)
Creating default LDR cubemaps for env_cubemap using skybox materials:
   skybox/sky_day01_01*.vmt
 ! Run buildcubemaps in the engine to get the correct cube maps.
Creating default HDR cubemaps for env_cubemap using skybox materials:
   skybox/sky_day01_01*.vmt
 ! Run buildcubemaps in the engine to get the correct cube maps.
Finding displacement neighbors...
Finding lightmap sample positions...
Displacement Alpha : 0...1...2...3...4...5...6...7...8...9...10
Building Physics collision data...
done (0) (74607 bytes)
Placing detail props : 0...1...2...3...4...5...6...7...8...9...10
Compacting texture/material tables...
Reduced 73 texinfos to 32
Reduced 6 texdatas to 5 (172 bytes to 151)
Writing C:\Users\tinhanich\Documents\basplat.bsp
MSG_FILEWRITE - Filesystem was asked to write to 'C:\Users\tinhanich\Documents\basplat.bsp', but we don't own that location. Allowing.
Wrote ZIP buffer, estimated size 106338, actual size 105990
0 seconds elapsed



Using shader api: shaderapiempty.dll
materialPath: D:\SteamLibrary\steamapps\common\Team Fortress 2\tf\materials
Loading C:\Users\tinhanich\Documents\basplat.vmf
ConVarRef mat_reduceparticles doesn't point to an existing ConVar
Patching WVT material: maps/basplat/dev/dev_blendmeasure_wvt_patch
fixing up env_cubemap materials on brush sides...
0...1...2...3...4...5...6...7...8...9...100...1...2...3...4...5...6...7...8...9...10Processing areas...done (0)
Building Faces...done (0)
FixTjuncs...
PruneNodes...
WriteBSP...
done (0)
writing C:\Users\tinhanich\Documents\basplat.prt...Building visibility clusters...
done (0)
Creating default LDR cubemaps for env_cubemap using skybox materials:
   skybox/sky_day01_01*.vmt
 ! Run buildcubemaps in the engine to get the correct cube maps.
Creating default HDR cubemaps for env_cubemap using skybox materials:
   skybox/sky_day01_01*.vmt
 ! Run buildcubemaps in the engine to get the correct cube maps.
Finding displacement neighbors...
Finding lightmap sample positions...
Displacement Alpha : 0...1...2...3...4...5...6...7...8...9...10
Building Physics collision data...
done (0) (74983 bytes)
Placing detail props : 0...1...2...3...4...5...6...7...8...9...10
Compacting texture/material tables...
Reduced 75 texinfos to 35
Reduced 7 texdatas to 6 (203 bytes to 182)
Writing C:\Users\tinhanich\Documents\basplat.bsp
MSG_FILEWRITE - Filesystem was asked to write to 'C:\Users\tinhanich\Documents\basplat.bsp', but we don't own that location. Allowing.
Wrote ZIP buffer, estimated size 106338, actual size 105990
0 seconds elapsed



Using shader api: shaderapiempty.dll
materialPath: D:\SteamLibrary\steamapps\common\Team Fortress 2\tf\materials
Loading C:\Users\tinhanich\Documents\basplat.vmf
ConVarRef mat_reduceparticles doesn't point to an existing ConVar
Patching WVT material: maps/basplat/dev/dev_blendmeasure_wvt_patch
fixing up env_cubemap materials on brush sides...
0...1...2...3...4...5...6...7...8...9...100...1...2...3...4...5...6...7...8...9...10Processing areas...done (0)
Building Faces...done (0)
FixTjuncs...
PruneNodes...
WriteBSP...
done (0)
writing C:\Users\tinhanich\Documents\basplat.prt...Building visibility clusters...
done (0)
Creating default LDR cubemaps for env_cubemap using skybox materials:
   skybox/sky_day01_01*.vmt
 ! Run buildcubemaps in the engine to get the correct cube maps.
Creating default HDR cubemaps for env_cubemap using skybox materials:
   skybox/sky_day01_01*.vmt
 ! Run buildcubemaps in the engine to get the correct cube maps.
Finding displacement neighbors...
Finding lightmap sample positions...
Displacement Alpha : 0...1...2...3...4...5...6...7...8...9...10
Building Physics collision data...
done (0) (74983 bytes)
Placing detail props : 0...1...2...3...4...5...6...7...8...9...10
Compacting texture/material tables...
Reduced 75 texinfos to 35
Reduced 7 texdatas to 6 (203 bytes to 182)
Writing C:\Users\tinhanich\Documents\basplat.bsp
MSG_FILEWRITE - Filesystem was asked to write to 'C:\Users\tinhanich\Documents\basplat.bsp', but we don't own that location. Allowing.
Wrote ZIP buffer, estimated size 106338, actual size 105990
0 seconds elapsed



Using shader api: shaderapiempty.dll
materialPath: D:\SteamLibrary\steamapps\common\Team Fortress 2\tf\materials
Loading C:\Users\tinhanich\Documents\basplat.vmf
Patching WVT material: maps/basplat/dev/dev_blendmeasure_wvt_patch
fixing up env_cubemap materials on brush sides...
0...1...2...3...4...5...6...7...8...9...100...1...2...3...4...5...6...7...8...9...10Processing areas...done (0)
Building Faces...done (0)
FixTjuncs...
PruneNodes...
WriteBSP...
done (0)
writing C:\Users\tinhanich\Documents\basplat.prt...Building visibility clusters...
done (0)
Creating default LDR cubemaps for env_cubemap using skybox materials:
   skybox/sky_day01_01*.vmt
 ! Run buildcubemaps in the engine to get the correct cube maps.
Creating default HDR cubemaps for env_cubemap using skybox materials:
   skybox/sky_day01_01*.vmt
 ! Run buildcubemaps in the engine to get the correct cube maps.
Finding displacement neighbors...
Finding lightmap sample positions...
Displacement Alpha : 0...1...2...3...4...5...6...7...8...9...10
Building Physics collision data...
done (0) (12127 bytes)
Placing detail props : 0...1...2...3...4...5...6...7...8...9...10
Compacting texture/material tables...
Reduced 99 texinfos to 61
Reduced 9 texdatas to 7 (266 bytes to 201)
Writing C:\Users\tinhanich\Documents\basplat.bsp
MSG_FILEWRITE - Filesystem was asked to write to 'C:\Users\tinhanich\Documents\basplat.bsp', but we don't own that location. Allowing.
Wrote ZIP buffer, estimated size 212628, actual size 211878
0 seconds elapsed



4 threads
reading c:\users\tinhanich\documents\basplat.bsp
reading c:\users\tinhanich\documents\basplat.prt
 148 portalclusters
 508 numportals
0...1...2...3...4...5...6...7...8...9...100...1...2...3...4...5...6...7...8...9...10Optimized: 39 visible clusters (0.20%)
Total clusters visible: 19359
Average clusters visible: 130
Building PAS...
Average clusters audible: 148
visdatasize:6829  compressed from 7104
writing c:\users\tinhanich\documents\basplat.bsp
MSG_FILEWRITE - Filesystem was asked to write to 'c:\users\tinhanich\documents\basplat.bsp', but we don't own that location. Allowing.
2 seconds elapsed



[Reading texlights from 'lights.rad']
[56 texlights parsed from 'lights.rad']

Loading c:\users\tinhanich\documents\basplat.bsp
529 faces
789753 square feet [113724512.00 square inches]
0 Displacements
0 Square Feet [0.00 Square Inches]
529 patches before subdivision
23587 patches after subdivision
0 direct lights
0...1...2...3...4...5...6...7...8...9...100...1...2...3...4...5...6...7...8...9...10transfers 1060699, max 421
transfer lists:   8.1 megs
0...1...2...3...4...5...6...7...8...9...10	Bounce #1 added RGB(0, 0, 0)
Build Patch/Sample Hash Table(s).....Done<0.0109 sec>
0...1...2...3...4...5...6...7...8...9...10FinalLightFace Done
0 of 0 (0% of) surface lights went in leaf ambient cubes.
0...1...2...3...4...5...6...7...8...9...10Writing leaf ambient...done
Ready to Finish

Object names       Objects/Maxobjs  Memory / Maxmem  Fullness 
------------       ---------------  ---------------  -------- 
models                   5/1024          240/49152    ( 0.5%) 
brushes                 31/8192          372/98304    ( 0.4%) 
brushsides             217/65536        1736/524288   ( 0.3%) 
planes                 332/65536        6640/1310720  ( 0.5%) 
vertexes               726/65536        8712/786432   ( 1.1%) 
nodes                  312/65536        9984/2097152  ( 0.5%) 
texinfos                61/12288        4392/884736   ( 0.5%) 
texdata                  7/2048          224/65536    ( 0.3%) 
dispinfos                0/0               0/0        ( 0.0%) 
disp_verts               0/0               0/0        ( 0.0%) 
disp_tris                0/0               0/0        ( 0.0%) 
disp_lmsamples           0/0               0/0        ( 0.0%) 
faces                  529/65536       29624/3670016  ( 0.8%) 
hdr faces                0/65536           0/3670016  ( 0.0%) 
origfaces              128/65536        7168/3670016  ( 0.2%) 
leaves                 318/65536       10176/2097152  ( 0.5%) 
leaffaces              691/65536        1382/131072   ( 1.1%) 
leafbrushes            206/65536         412/131072   ( 0.3%) 
areas                    2/256            16/2048     ( 0.8%) 
surfedges             2928/512000      11712/2048000  ( 0.6%) 
edges                 1511/256000       6044/1024000  ( 0.6%) 
LDR worldlights          0/8192            0/720896   ( 0.0%) 
HDR worldlights          0/8192            0/720896   ( 0.0%) 
leafwaterdata            0/32768           0/393216   ( 0.0%) 
waterstrips             35/32768         350/327680   ( 0.1%) 
waterverts               0/65536           0/786432   ( 0.0%) 
waterindices           615/65536        1230/131072   ( 0.9%) 
cubemapsamples           0/1024            0/16384    ( 0.0%) 
overlays                 0/512             0/180224   ( 0.0%) 
LDR lightdata         [variable]      667772/0        ( 0.0%) 
HDR lightdata         [variable]           0/0        ( 0.0%) 
visdata               [variable]        6829/16777216 ( 0.0%) 
entdata               [variable]        4387/393216   ( 1.1%) 
LDR ambient table      318/65536        1272/262144   ( 0.5%) 
HDR ambient table      318/65536        1272/262144   ( 0.5%) 
LDR leaf ambient       172/65536        4816/1835008  ( 0.3%) 
HDR leaf ambient       318/65536        8904/1835008  ( 0.5%) 
occluders                0/0               0/0        ( 0.0%) 
occluder polygons        0/0               0/0        ( 0.0%) 
occluder vert ind        0/0               0/0        ( 0.0%) 
detail props          [variable]           1/12       ( 8.3%) 
static props          [variable]           1/12       ( 8.3%) 
pakfile               [variable]      211878/0        ( 0.0%) 
physics               [variable]       12127/4194304  ( 0.3%) 
physics terrain       [variable]           2/1048576  ( 0.0%) 

Level flags = 0

Total triangle count: 1362
Writing c:\users\tinhanich\documents\basplat.bsp
1 second elapsed



[Reading texlights from 'lights.rad']
[56 texlights parsed from 'lights.rad']

Loading c:\users\tinhanich\documents\basplat.bsp
529 faces
789753 square feet [113724512.00 square inches]
0 Displacements
0 Square Feet [0.00 Square Inches]
529 patches before subdivision
23587 patches after subdivision
0 direct lights
0...1...2...3...4...5...6...7...8...9...100...1...2...3...4...5...6...7...8...9...10transfers 1060699, max 421
transfer lists:   8.1 megs
0...1...2...3...4...5...6...7...8...9...10	Bounce #1 added RGB(0, 0, 0)
Build Patch/Sample Hash Table(s).....Done<0.0089 sec>
0...1...2...3...4...5...6...7...8...9...10FinalLightFace Done
0 of 0 (0% of) surface lights went in leaf ambient cubes.
0...1...2...3...4...5...6...7...8...9...10Writing leaf ambient...done
Ready to Finish

Object names       Objects/Maxobjs  Memory / Maxmem  Fullness 
------------       ---------------  ---------------  -------- 
models                   5/1024          240/49152    ( 0.5%) 
brushes                 31/8192          372/98304    ( 0.4%) 
brushsides             217/65536        1736/524288   ( 0.3%) 
planes                 332/65536        6640/1310720  ( 0.5%) 
vertexes               726/65536        8712/786432   ( 1.1%) 
nodes                  312/65536        9984/2097152  ( 0.5%) 
texinfos                61/12288        4392/884736   ( 0.5%) 
texdata                  7/2048          224/65536    ( 0.3%) 
dispinfos                0/0               0/0        ( 0.0%) 
disp_verts               0/0               0/0        ( 0.0%) 
disp_tris                0/0               0/0        ( 0.0%) 
disp_lmsamples           0/0               0/0        ( 0.0%) 
faces                  529/65536       29624/3670016  ( 0.8%) 
hdr faces              529/65536       29624/3670016  ( 0.8%) 
origfaces              128/65536        7168/3670016  ( 0.2%) 
leaves                 318/65536       10176/2097152  ( 0.5%) 
leaffaces              691/65536        1382/131072   ( 1.1%) 
leafbrushes            206/65536         412/131072   ( 0.3%) 
areas                    2/256            16/2048     ( 0.8%) 
surfedges             2928/512000      11712/2048000  ( 0.6%) 
edges                 1511/256000       6044/1024000  ( 0.6%) 
LDR worldlights          0/8192            0/720896   ( 0.0%) 
HDR worldlights          0/8192            0/720896   ( 0.0%) 
leafwaterdata            0/32768           0/393216   ( 0.0%) 
waterstrips             35/32768         350/327680   ( 0.1%) 
waterverts               0/65536           0/786432   ( 0.0%) 
waterindices           615/65536        1230/131072   ( 0.9%) 
cubemapsamples           0/1024            0/16384    ( 0.0%) 
overlays                 0/512             0/180224   ( 0.0%) 
LDR lightdata         [variable]      667772/0        ( 0.0%) 
HDR lightdata         [variable]      667772/0        ( 0.0%) 
visdata               [variable]        6829/16777216 ( 0.0%) 
entdata               [variable]        4387/393216   ( 1.1%) 
LDR ambient table      318/65536        1272/262144   ( 0.5%) 
HDR ambient table      318/65536        1272/262144   ( 0.5%) 
LDR leaf ambient       172/65536        4816/1835008  ( 0.3%) 
HDR leaf ambient       172/65536        4816/1835008  ( 0.3%) 
occluders                0/0               0/0        ( 0.0%) 
occluder polygons        0/0               0/0        ( 0.0%) 
occluder vert ind        0/0               0/0        ( 0.0%) 
detail props          [variable]           1/12       ( 8.3%) 
static props          [variable]           1/12       ( 8.3%) 
pakfile               [variable]      211878/0        ( 0.0%) 
physics               [variable]       12127/4194304  ( 0.3%) 
physics terrain       [variable]           2/1048576  ( 0.0%) 

Level flags = 0

Total triangle count: 1362
Writing c:\users\tinhanich\documents\basplat.bsp
1 second elapsed



Using shader api: shaderapiempty.dll
materialPath: D:\SteamLibrary\steamapps\common\Team Fortress 2\tf\materials
Loading C:\Users\tinhanich\Documents\basplat.vmf
ConVarRef mat_reduceparticles doesn't point to an existing ConVar
Patching WVT material: maps/basplat/dev/dev_blendmeasure_wvt_patch
fixing up env_cubemap materials on brush sides...
0...1...2...3...4...5...6...7...8...9...100...1...2...3...4...5...6...7...8...9...10**** leaked ****
Entity func_door (128.00 320.00 256.00) leaked!

FindPortalSide: Couldn't find a good match for which brush to assign to a portal near (-14.1 -2422.1 -17.2)
Leaf 0 contents: CONTENTS_SOLID 
Leaf 1 contents: 
viscontents (node 0 contents ^ node 1 contents): CONTENTS_SOLID 
This means that none of the brushes in leaf 0 or 1 that touches the portal has CONTENTS_SOLID 
Check for a huge brush enclosing the coordinates above that has contents CONTENTS_SOLID 
Candidate brush IDs: Brush 3017: 


FindPortalSide: Couldn't find a good match for which brush to assign to a portal near (-91.0 -2442.7 -16.0)
Leaf 0 contents: CONTENTS_SOLID 
Leaf 1 contents: 
viscontents (node 0 contents ^ node 1 contents): CONTENTS_SOLID 
This means that none of the brushes in leaf 0 or 1 that touches the portal has CONTENTS_SOLID 
Check for a huge brush enclosing the coordinates above that has contents CONTENTS_SOLID 
Candidate brush IDs: Brush 3017: 


FindPortalSide: Couldn't find a good match for which brush to assign to a portal near (-132.4 -2453.8 -16.0)
Leaf 0 contents: 
Leaf 1 contents: CONTENTS_SOLID 
viscontents (node 0 contents ^ node 1 contents): CONTENTS_SOLID 
This means that none of the brushes in leaf 0 or 1 that touches the portal has CONTENTS_SOLID 
Check for a huge brush enclosing the coordinates above that has contents CONTENTS_SOLID 
Candidate brush IDs: Brush 3017: 

Processing areas...done (0)
Building Faces...done (0)
FixTjuncs...
PruneNodes...
WriteBSP...
done (0)
Creating default LDR cubemaps for env_cubemap using skybox materials:
   skybox/sky_day01_01*.vmt
 ! Run buildcubemaps in the engine to get the correct cube maps.
Creating default HDR cubemaps for env_cubemap using skybox materials:
   skybox/sky_day01_01*.vmt
 ! Run buildcubemaps in the engine to get the correct cube maps.
Finding displacement neighbors...
Finding lightmap sample positions...
Displacement Alpha : 0...1...2...3...4...5...6...7...8...9...10
Building Physics collision data...
done (0) (13567 bytes)
Placing detail props : 0...1...2...3...4...5...6...7...8...9...10
Compacting texture/material tables...
Reduced 111 texinfos to 70
Reduced 10 texdatas to 8 (297 bytes to 232)
Writing C:\Users\tinhanich\Documents\basplat.bsp
MSG_FILEWRITE - Filesystem was asked to write to 'C:\Users\tinhanich\Documents\basplat.bsp', but we don't own that location. Allowing.
Wrote ZIP buffer, estimated size 212628, actual size 211878
0 seconds elapsed



4 threads
reading c:\users\tinhanich\documents\basplat.bsp
reading c:\users\tinhanich\documents\basplat.prt
LoadPortals: couldn't read c:\users\tinhanich\documents\basplat.prt



Using shader api: shaderapiempty.dll
materialPath: D:\SteamLibrary\steamapps\common\Team Fortress 2\tf\materials
Loading C:\Users\tinhanich\Documents\basplat.vmf
ConVarRef mat_reduceparticles doesn't point to an existing ConVar
Patching WVT material: maps/basplat/dev/dev_blendmeasure_wvt_patch
fixing up env_cubemap materials on brush sides...
0...1...2...3...4...5...6...7...8...9...100...1...2...3...4...5...6...7...8...9...10**** leaked ****
Entity func_door (128.00 320.00 256.00) leaked!

FindPortalSide: Couldn't find a good match for which brush to assign to a portal near (-14.1 -2422.1 -17.2)
Leaf 0 contents: CONTENTS_SOLID 
Leaf 1 contents: 
viscontents (node 0 contents ^ node 1 contents): CONTENTS_SOLID 
This means that none of the brushes in leaf 0 or 1 that touches the portal has CONTENTS_SOLID 
Check for a huge brush enclosing the coordinates above that has contents CONTENTS_SOLID 
Candidate brush IDs: Brush 3017: 


FindPortalSide: Couldn't find a good match for which brush to assign to a portal near (-91.0 -2442.7 -16.0)
Leaf 0 contents: CONTENTS_SOLID 
Leaf 1 contents: 
viscontents (node 0 contents ^ node 1 contents): CONTENTS_SOLID 
This means that none of the brushes in leaf 0 or 1 that touches the portal has CONTENTS_SOLID 
Check for a huge brush enclosing the coordinates above that has contents CONTENTS_SOLID 
Candidate brush IDs: Brush 3017: 


FindPortalSide: Couldn't find a good match for which brush to assign to a portal near (-132.4 -2453.8 -16.0)
Leaf 0 contents: 
Leaf 1 contents: CONTENTS_SOLID 
viscontents (node 0 contents ^ node 1 contents): CONTENTS_SOLID 
This means that none of the brushes in leaf 0 or 1 that touches the portal has CONTENTS_SOLID 
Check for a huge brush enclosing the coordinates above that has contents CONTENTS_SOLID 
Candidate brush IDs: Brush 3017: 

Processing areas...done (0)
Building Faces...done (0)
FixTjuncs...
PruneNodes...
WriteBSP...
done (0)
Creating default LDR cubemaps for env_cubemap using skybox materials:
   skybox/sky_day01_01*.vmt
 ! Run buildcubemaps in the engine to get the correct cube maps.
Creating default HDR cubemaps for env_cubemap using skybox materials:
   skybox/sky_day01_01*.vmt
 ! Run buildcubemaps in the engine to get the correct cube maps.
Finding displacement neighbors...
Finding lightmap sample positions...
Displacement Alpha : 0...1...2...3...4...5...6...7...8...9...10
Building Physics collision data...
done (0) (13567 bytes)
Placing detail props : 0...1...2...3...4...5...6...7...8...9...10
Compacting texture/material tables...
Reduced 111 texinfos to 70
Reduced 10 texdatas to 8 (297 bytes to 232)
Writing C:\Users\tinhanich\Documents\basplat.bsp
MSG_FILEWRITE - Filesystem was asked to write to 'C:\Users\tinhanich\Documents\basplat.bsp', but we don't own that location. Allowing.
Wrote ZIP buffer, estimated size 212628, actual size 211878
0 seconds elapsed



4 threads
reading c:\users\tinhanich\documents\basplat.bsp
reading c:\users\tinhanich\documents\basplat.prt
LoadPortals: couldn't read c:\users\tinhanich\documents\basplat.prt



Using shader api: shaderapiempty.dll
materialPath: D:\SteamLibrary\steamapps\common\Team Fortress 2\tf\materials
Loading C:\Users\tinhanich\Documents\basplat.vmf
Patching WVT material: maps/basplat/dev/dev_blendmeasure_wvt_patch
fixing up env_cubemap materials on brush sides...
0...1...2...3...4...5...6...7...8...9...100...1...2...3...4...5...6...7...8...9...10**** leaked ****
Entity func_door (128.00 320.00 256.00) leaked!

FindPortalSide: Couldn't find a good match for which brush to assign to a portal near (-14.1 -2422.1 -17.2)
Leaf 0 contents: CONTENTS_SOLID 
Leaf 1 contents: 
viscontents (node 0 contents ^ node 1 contents): CONTENTS_SOLID 
This means that none of the brushes in leaf 0 or 1 that touches the portal has CONTENTS_SOLID 
Check for a huge brush enclosing the coordinates above that has contents CONTENTS_SOLID 
Candidate brush IDs: Brush 3017: 


FindPortalSide: Couldn't find a good match for which brush to assign to a portal near (-91.0 -2442.7 -16.0)
Leaf 0 contents: CONTENTS_SOLID 
Leaf 1 contents: 
viscontents (node 0 contents ^ node 1 contents): CONTENTS_SOLID 
This means that none of the brushes in leaf 0 or 1 that touches the portal has CONTENTS_SOLID 
Check for a huge brush enclosing the coordinates above that has contents CONTENTS_SOLID 
Candidate brush IDs: Brush 3017: 


FindPortalSide: Couldn't find a good match for which brush to assign to a portal near (-132.4 -2453.8 -16.0)
Leaf 0 contents: 
Leaf 1 contents: CONTENTS_SOLID 
viscontents (node 0 contents ^ node 1 contents): CONTENTS_SOLID 
This means that none of the brushes in leaf 0 or 1 that touches the portal has CONTENTS_SOLID 
Check for a huge brush enclosing the coordinates above that has contents CONTENTS_SOLID 
Candidate brush IDs: Brush 3017: 

Processing areas...done (0)
Building Faces...done (0)
FixTjuncs...
PruneNodes...
WriteBSP...
done (0)
Creating default LDR cubemaps for env_cubemap using skybox materials:
   skybox/sky_day01_01*.vmt
 ! Run buildcubemaps in the engine to get the correct cube maps.
Creating default HDR cubemaps for env_cubemap using skybox materials:
   skybox/sky_day01_01*.vmt
 ! Run buildcubemaps in the engine to get the correct cube maps.
Finding displacement neighbors...
Finding lightmap sample positions...
Displacement Alpha : 0...1...2...3...4...5...6...7...8...9...10
Building Physics collision data...
done (0) (13175 bytes)
Placing detail props : 0...1...2...3...4...5...6...7...8...9...10
Compacting texture/material tables...
Reduced 108 texinfos to 67
Reduced 9 texdatas to 7 (266 bytes to 201)
Writing C:\Users\tinhanich\Documents\basplat.bsp
MSG_FILEWRITE - Filesystem was asked to write to 'C:\Users\tinhanich\Documents\basplat.bsp', but we don't own that location. Allowing.
Wrote ZIP buffer, estimated size 212628, actual size 211878
0 seconds elapsed



4 threads
reading c:\users\tinhanich\documents\basplat.bsp
reading c:\users\tinhanich\documents\basplat.prt
LoadPortals: couldn't read c:\users\tinhanich\documents\basplat.prt
