


Using shader api: shaderapiempty.dll
materialPath: D:\SteamLibrary\steamapps\common\Team Fortress 2\tf\materials
Loading C:\Users\tinhanich\Documents\basplat_v2.vmf
Patching WVT material: maps/basplat_v2/dev/dev_blendmeasure_wvt_patch
fixing up env_cubemap materials on brush sides...
0...1...2...3...4...5...6...7...8...9...100...1...2...3...4...5...6...7...8...9...10**** leaked ****
Entity func_door (128.00 320.00 256.00) leaked!

FindPortalSide: Couldn't find a good match for which brush to assign to a portal near (-14.1 -2422.1 -17.2)
Leaf 0 contents: CONTENTS_SOLID 
Leaf 1 contents: 
viscontents (node 0 contents ^ node 1 contents): CONTENTS_SOLID 
This means that none of the brushes in leaf 0 or 1 that touches the portal has CONTENTS_SOLID 
Check for a huge brush enclosing the coordinates above that has contents CONTENTS_SOLID 
Candidate brush IDs: Brush 3017: 


FindPortalSide: Couldn't find a good match for which brush to assign to a portal near (-91.0 -2442.7 -16.0)
Leaf 0 contents: CONTENTS_SOLID 
Leaf 1 contents: 
viscontents (node 0 contents ^ node 1 contents): CONTENTS_SOLID 
This means that none of the brushes in leaf 0 or 1 that touches the portal has CONTENTS_SOLID 
Check for a huge brush enclosing the coordinates above that has contents CONTENTS_SOLID 
Candidate brush IDs: Brush 3017: 


FindPortalSide: Couldn't find a good match for which brush to assign to a portal near (-132.4 -2453.8 -16.0)
Leaf 0 contents: 
Leaf 1 contents: CONTENTS_SOLID 
viscontents (node 0 contents ^ node 1 contents): CONTENTS_SOLID 
This means that none of the brushes in leaf 0 or 1 that touches the portal has CONTENTS_SOLID 
Check for a huge brush enclosing the coordinates above that has contents CONTENTS_SOLID 
Candidate brush IDs: Brush 3017: 

Processing areas...done (0)
Building Faces...done (0)
FixTjuncs...
PruneNodes...
WriteBSP...
done (0)
Creating default LDR cubemaps for env_cubemap using skybox materials:
   skybox/sky_day01_01*.vmt
 ! Run buildcubemaps in the engine to get the correct cube maps.
Creating default HDR cubemaps for env_cubemap using skybox materials:
   skybox/sky_day01_01*.vmt
 ! Run buildcubemaps in the engine to get the correct cube maps.
Finding displacement neighbors...
Finding lightmap sample positions...
Displacement Alpha : 0...1...2...3...4...5...6...7...8...9...10
Building Physics collision data...
done (0) (13175 bytes)
Placing detail props : 0...1...2...3...4...5...6...7...8...9...10
Compacting texture/material tables...
Reduced 108 texinfos to 67
Reduced 9 texdatas to 7 (272 bytes to 204)
Writing C:\Users\tinhanich\Documents\basplat_v2.bsp
MSG_FILEWRITE - Filesystem was asked to write to 'C:\Users\tinhanich\Documents\basplat_v2.bsp', but we don't own that location. Allowing.
Wrote ZIP buffer, estimated size 212667, actual size 211917
0 seconds elapsed



4 threads
reading c:\users\tinhanich\documents\basplat_v2.bsp
reading c:\users\tinhanich\documents\basplat_v2.prt
LoadPortals: couldn't read c:\users\tinhanich\documents\basplat_v2.prt



Using shader api: shaderapiempty.dll
materialPath: D:\SteamLibrary\steamapps\common\Team Fortress 2\tf\materials
Loading C:\Users\tinhanich\Documents\basplat_v2.vmf
Patching WVT material: maps/basplat_v2/dev/dev_blendmeasure_wvt_patch
fixing up env_cubemap materials on brush sides...
0...1...2...3...4...5...6...7...8...9...100...1...2...3...4...5...6...7...8...9...10**** leaked ****
Entity func_door (128.00 320.00 256.00) leaked!

FindPortalSide: Couldn't find a good match for which brush to assign to a portal near (-14.1 -2422.1 -17.2)
Leaf 0 contents: CONTENTS_SOLID 
Leaf 1 contents: 
viscontents (node 0 contents ^ node 1 contents): CONTENTS_SOLID 
This means that none of the brushes in leaf 0 or 1 that touches the portal has CONTENTS_SOLID 
Check for a huge brush enclosing the coordinates above that has contents CONTENTS_SOLID 
Candidate brush IDs: Brush 3017: 


FindPortalSide: Couldn't find a good match for which brush to assign to a portal near (-91.0 -2442.7 -16.0)
Leaf 0 contents: CONTENTS_SOLID 
Leaf 1 contents: 
viscontents (node 0 contents ^ node 1 contents): CONTENTS_SOLID 
This means that none of the brushes in leaf 0 or 1 that touches the portal has CONTENTS_SOLID 
Check for a huge brush enclosing the coordinates above that has contents CONTENTS_SOLID 
Candidate brush IDs: Brush 3017: 


FindPortalSide: Couldn't find a good match for which brush to assign to a portal near (-132.4 -2453.8 -16.0)
Leaf 0 contents: 
Leaf 1 contents: CONTENTS_SOLID 
viscontents (node 0 contents ^ node 1 contents): CONTENTS_SOLID 
This means that none of the brushes in leaf 0 or 1 that touches the portal has CONTENTS_SOLID 
Check for a huge brush enclosing the coordinates above that has contents CONTENTS_SOLID 
Candidate brush IDs: Brush 3017: 

Processing areas...done (0)
Building Faces...done (0)
FixTjuncs...
PruneNodes...
WriteBSP...
done (0)
Creating default LDR cubemaps for env_cubemap using skybox materials:
   skybox/sky_day01_01*.vmt
 ! Run buildcubemaps in the engine to get the correct cube maps.
Creating default HDR cubemaps for env_cubemap using skybox materials:
   skybox/sky_day01_01*.vmt
 ! Run buildcubemaps in the engine to get the correct cube maps.
Finding displacement neighbors...
Finding lightmap sample positions...
Displacement Alpha : 0...1...2...3...4...5...6...7...8...9...10
Building Physics collision data...
done (0) (13175 bytes)
Placing detail props : 0...1...2...3...4...5...6...7...8...9...10
Compacting texture/material tables...
Reduced 108 texinfos to 67
Reduced 9 texdatas to 7 (272 bytes to 204)
Writing C:\Users\tinhanich\Documents\basplat_v2.bsp
MSG_FILEWRITE - Filesystem was asked to write to 'C:\Users\tinhanich\Documents\basplat_v2.bsp', but we don't own that location. Allowing.
Wrote ZIP buffer, estimated size 212667, actual size 211917
0 seconds elapsed



Using shader api: shaderapiempty.dll
materialPath: D:\SteamLibrary\steamapps\common\Team Fortress 2\tf\materials
Loading C:\Users\tinhanich\Documents\basplat_v2.vmf
Patching WVT material: maps/basplat_v2/dev/dev_blendmeasure_wvt_patch
fixing up env_cubemap materials on brush sides...
0...1...2...3...4...5...6...7...8...9...100...1...2...3...4...5...6...7...8...9...10**** leaked ****
Entity info_player_teamspawn (804.00 -2879.00 194.00) leaked!

FindPortalSide: Couldn't find a good match for which brush to assign to a portal near (-14.1 -2422.1 -17.2)
Leaf 0 contents: CONTENTS_SOLID 
Leaf 1 contents: 
viscontents (node 0 contents ^ node 1 contents): CONTENTS_SOLID 
This means that none of the brushes in leaf 0 or 1 that touches the portal has CONTENTS_SOLID 
Check for a huge brush enclosing the coordinates above that has contents CONTENTS_SOLID 
Candidate brush IDs: Brush 3017: 


FindPortalSide: Couldn't find a good match for which brush to assign to a portal near (-91.0 -2442.7 -16.0)
Leaf 0 contents: CONTENTS_SOLID 
Leaf 1 contents: 
viscontents (node 0 contents ^ node 1 contents): CONTENTS_SOLID 
This means that none of the brushes in leaf 0 or 1 that touches the portal has CONTENTS_SOLID 
Check for a huge brush enclosing the coordinates above that has contents CONTENTS_SOLID 
Candidate brush IDs: Brush 3017: 


FindPortalSide: Couldn't find a good match for which brush to assign to a portal near (-132.4 -2453.8 -16.0)
Leaf 0 contents: 
Leaf 1 contents: CONTENTS_SOLID 
viscontents (node 0 contents ^ node 1 contents): CONTENTS_SOLID 
This means that none of the brushes in leaf 0 or 1 that touches the portal has CONTENTS_SOLID 
Check for a huge brush enclosing the coordinates above that has contents CONTENTS_SOLID 
Candidate brush IDs: Brush 3017: 

Processing areas...done (0)
Building Faces...done (0)
FixTjuncs...
PruneNodes...
WriteBSP...
done (0)
Creating default LDR cubemaps for env_cubemap using skybox materials:
   skybox/sky_day01_01*.vmt
 ! Run buildcubemaps in the engine to get the correct cube maps.
Creating default HDR cubemaps for env_cubemap using skybox materials:
   skybox/sky_day01_01*.vmt
 ! Run buildcubemaps in the engine to get the correct cube maps.
Finding displacement neighbors...
Finding lightmap sample positions...
Displacement Alpha : 0...1...2...3...4...5...6...7...8...9...10
Building Physics collision data...
done (0) (13811 bytes)
Placing detail props : 0...1...2...3...4...5...6...7...8...9...10
Water found with no water_lod_control entity, creating a default one.
Compacting texture/material tables...
Reduced 115 texinfos to 73
Reduced 12 texdatas to 9 (350 bytes to 241)
Writing C:\Users\tinhanich\Documents\basplat_v2.bsp
MSG_FILEWRITE - Filesystem was asked to write to 'C:\Users\tinhanich\Documents\basplat_v2.bsp', but we don't own that location. Allowing.
Wrote ZIP buffer, estimated size 213087, actual size 212203
0 seconds elapsed



Using shader api: shaderapiempty.dll
materialPath: D:\SteamLibrary\steamapps\common\Team Fortress 2\tf\materials
Loading C:\Users\tinhanich\Documents\basplat_v2.vmf
Patching WVT material: maps/basplat_v2/dev/dev_blendmeasure_wvt_patch
fixing up env_cubemap materials on brush sides...
0...1...2...3...4...5...6...7...8...9...100...1...2...3...4...5...6...7...8...9...10**** leaked ****
Entity info_player_teamspawn (804.00 -2879.00 194.00) leaked!

FindPortalSide: Couldn't find a good match for which brush to assign to a portal near (-14.1 -2422.1 -17.2)
Leaf 0 contents: CONTENTS_SOLID 
Leaf 1 contents: 
viscontents (node 0 contents ^ node 1 contents): CONTENTS_SOLID 
This means that none of the brushes in leaf 0 or 1 that touches the portal has CONTENTS_SOLID 
Check for a huge brush enclosing the coordinates above that has contents CONTENTS_SOLID 
Candidate brush IDs: Brush 3017: 


FindPortalSide: Couldn't find a good match for which brush to assign to a portal near (-91.0 -2442.7 -16.0)
Leaf 0 contents: CONTENTS_SOLID 
Leaf 1 contents: 
viscontents (node 0 contents ^ node 1 contents): CONTENTS_SOLID 
This means that none of the brushes in leaf 0 or 1 that touches the portal has CONTENTS_SOLID 
Check for a huge brush enclosing the coordinates above that has contents CONTENTS_SOLID 
Candidate brush IDs: Brush 3017: 


FindPortalSide: Couldn't find a good match for which brush to assign to a portal near (-132.4 -2453.8 -16.0)
Leaf 0 contents: 
Leaf 1 contents: CONTENTS_SOLID 
viscontents (node 0 contents ^ node 1 contents): CONTENTS_SOLID 
This means that none of the brushes in leaf 0 or 1 that touches the portal has CONTENTS_SOLID 
Check for a huge brush enclosing the coordinates above that has contents CONTENTS_SOLID 
Candidate brush IDs: Brush 3017: 

Processing areas...done (0)
Building Faces...done (0)
FixTjuncs...
PruneNodes...
WriteBSP...
done (0)
Creating default LDR cubemaps for env_cubemap using skybox materials:
   skybox/sky_day01_01*.vmt
 ! Run buildcubemaps in the engine to get the correct cube maps.
Creating default HDR cubemaps for env_cubemap using skybox materials:
   skybox/sky_day01_01*.vmt
 ! Run buildcubemaps in the engine to get the correct cube maps.
Finding displacement neighbors...
Finding lightmap sample positions...
Displacement Alpha : 0...1...2...3...4...5...6...7...8...9...10
Building Physics collision data...
done (0) (13811 bytes)
Placing detail props : 0...1...2...3...4...5...6...7...8...9...10
Water found with no water_lod_control entity, creating a default one.
Compacting texture/material tables...
Reduced 115 texinfos to 73
Reduced 12 texdatas to 9 (350 bytes to 241)
Writing C:\Users\tinhanich\Documents\basplat_v2.bsp
MSG_FILEWRITE - Filesystem was asked to write to 'C:\Users\tinhanich\Documents\basplat_v2.bsp', but we don't own that location. Allowing.
Wrote ZIP buffer, estimated size 213087, actual size 212203
0 seconds elapsed



Using shader api: shaderapiempty.dll
materialPath: D:\SteamLibrary\steamapps\common\Team Fortress 2\tf\materials
Loading C:\Users\tinhanich\Documents\basplat_v2.vmf
Patching WVT material: maps/basplat_v2/dev/dev_blendmeasure_wvt_patch
fixing up env_cubemap materials on brush sides...
0...1...2...3...4...5...6...7...8...9...100...1...2...3...4...5...6...7...8...9...10**** leaked ****
Entity info_player_teamspawn (804.00 -2879.00 194.00) leaked!

FindPortalSide: Couldn't find a good match for which brush to assign to a portal near (-14.1 -2422.1 -17.2)
Leaf 0 contents: CONTENTS_SOLID 
Leaf 1 contents: 
viscontents (node 0 contents ^ node 1 contents): CONTENTS_SOLID 
This means that none of the brushes in leaf 0 or 1 that touches the portal has CONTENTS_SOLID 
Check for a huge brush enclosing the coordinates above that has contents CONTENTS_SOLID 
Candidate brush IDs: Brush 3017: 


FindPortalSide: Couldn't find a good match for which brush to assign to a portal near (-91.0 -2442.7 -16.0)
Leaf 0 contents: CONTENTS_SOLID 
Leaf 1 contents: 
viscontents (node 0 contents ^ node 1 contents): CONTENTS_SOLID 
This means that none of the brushes in leaf 0 or 1 that touches the portal has CONTENTS_SOLID 
Check for a huge brush enclosing the coordinates above that has contents CONTENTS_SOLID 
Candidate brush IDs: Brush 3017: 


FindPortalSide: Couldn't find a good match for which brush to assign to a portal near (-132.4 -2453.8 -16.0)
Leaf 0 contents: 
Leaf 1 contents: CONTENTS_SOLID 
viscontents (node 0 contents ^ node 1 contents): CONTENTS_SOLID 
This means that none of the brushes in leaf 0 or 1 that touches the portal has CONTENTS_SOLID 
Check for a huge brush enclosing the coordinates above that has contents CONTENTS_SOLID 
Candidate brush IDs: Brush 3017: 

Processing areas...done (0)
Building Faces...done (0)
FixTjuncs...
PruneNodes...
WriteBSP...
done (0)
Creating default LDR cubemaps for env_cubemap using skybox materials:
   skybox/sky_day01_01*.vmt
 ! Run buildcubemaps in the engine to get the correct cube maps.
Creating default HDR cubemaps for env_cubemap using skybox materials:
   skybox/sky_day01_01*.vmt
 ! Run buildcubemaps in the engine to get the correct cube maps.
Finding displacement neighbors...
Finding lightmap sample positions...
Displacement Alpha : 0...1...2...3...4...5...6...7...8...9...10
Building Physics collision data...
done (0) (13178 bytes)
Placing detail props : 0...1...2...3...4...5...6...7...8...9...10
Compacting texture/material tables...
Reduced 108 texinfos to 67
Reduced 9 texdatas to 7 (272 bytes to 204)
Writing C:\Users\tinhanich\Documents\basplat_v2.bsp
MSG_FILEWRITE - Filesystem was asked to write to 'C:\Users\tinhanich\Documents\basplat_v2.bsp', but we don't own that location. Allowing.
Wrote ZIP buffer, estimated size 212667, actual size 211917
0 seconds elapsed



Using shader api: shaderapiempty.dll
materialPath: D:\SteamLibrary\steamapps\common\Team Fortress 2\tf\materials
Loading C:\Users\tinhanich\Documents\basplat_v2.vmf
Patching WVT material: maps/basplat_v2/dev/dev_blendmeasure_wvt_patch
fixing up env_cubemap materials on brush sides...
0...1...2...3...4...5...6...7...8...9...100...1...2...3...4...5...6...7...8...9...10**** leaked ****
Entity info_player_teamspawn (804.00 -2879.00 194.00) leaked!

FindPortalSide: Couldn't find a good match for which brush to assign to a portal near (-14.1 -2422.1 -17.2)
Leaf 0 contents: CONTENTS_SOLID 
Leaf 1 contents: 
viscontents (node 0 contents ^ node 1 contents): CONTENTS_SOLID 
This means that none of the brushes in leaf 0 or 1 that touches the portal has CONTENTS_SOLID 
Check for a huge brush enclosing the coordinates above that has contents CONTENTS_SOLID 
Candidate brush IDs: Brush 3017: 


FindPortalSide: Couldn't find a good match for which brush to assign to a portal near (-91.0 -2442.7 -16.0)
Leaf 0 contents: CONTENTS_SOLID 
Leaf 1 contents: 
viscontents (node 0 contents ^ node 1 contents): CONTENTS_SOLID 
This means that none of the brushes in leaf 0 or 1 that touches the portal has CONTENTS_SOLID 
Check for a huge brush enclosing the coordinates above that has contents CONTENTS_SOLID 
Candidate brush IDs: Brush 3017: 


FindPortalSide: Couldn't find a good match for which brush to assign to a portal near (-132.4 -2453.8 -16.0)
Leaf 0 contents: 
Leaf 1 contents: CONTENTS_SOLID 
viscontents (node 0 contents ^ node 1 contents): CONTENTS_SOLID 
This means that none of the brushes in leaf 0 or 1 that touches the portal has CONTENTS_SOLID 
Check for a huge brush enclosing the coordinates above that has contents CONTENTS_SOLID 
Candidate brush IDs: Brush 3017: 

Processing areas...done (0)
Building Faces...done (0)
FixTjuncs...
PruneNodes...
WriteBSP...
done (0)
Creating default LDR cubemaps for env_cubemap using skybox materials:
   skybox/sky_day01_01*.vmt
 ! Run buildcubemaps in the engine to get the correct cube maps.
Creating default HDR cubemaps for env_cubemap using skybox materials:
   skybox/sky_day01_01*.vmt
 ! Run buildcubemaps in the engine to get the correct cube maps.
Finding displacement neighbors...
Finding lightmap sample positions...
Displacement Alpha : 0...1...2...3...4...5...6...7...8...9...10
Building Physics collision data...
done (0) (13178 bytes)
Placing detail props : 0...1...2...3...4...5...6...7...8...9...10
Compacting texture/material tables...
Reduced 108 texinfos to 67
Reduced 9 texdatas to 7 (272 bytes to 204)
Writing C:\Users\tinhanich\Documents\basplat_v2.bsp
MSG_FILEWRITE - Filesystem was asked to write to 'C:\Users\tinhanich\Documents\basplat_v2.bsp', but we don't own that location. Allowing.
Wrote ZIP buffer, estimated size 212667, actual size 211917
0 seconds elapsed



Using shader api: shaderapiempty.dll
materialPath: D:\SteamLibrary\steamapps\common\Team Fortress 2\tf\materials
Loading C:\Users\tinhanich\Documents\basplat_v2.vmf
Patching WVT material: maps/basplat_v2/dev/dev_blendmeasure_wvt_patch
fixing up env_cubemap materials on brush sides...
0...1...2...3...4...5...6...7...8...9...100...1...2...3...4...5...6...7...8...9...10**** leaked ****
Entity info_player_teamspawn (804.00 -2879.00 194.00) leaked!

FindPortalSide: Couldn't find a good match for which brush to assign to a portal near (-14.1 -2422.1 -17.2)
Leaf 0 contents: CONTENTS_SOLID 
Leaf 1 contents: 
viscontents (node 0 contents ^ node 1 contents): CONTENTS_SOLID 
This means that none of the brushes in leaf 0 or 1 that touches the portal has CONTENTS_SOLID 
Check for a huge brush enclosing the coordinates above that has contents CONTENTS_SOLID 
Candidate brush IDs: Brush 3017: 


FindPortalSide: Couldn't find a good match for which brush to assign to a portal near (-91.0 -2442.7 -16.0)
Leaf 0 contents: CONTENTS_SOLID 
Leaf 1 contents: 
viscontents (node 0 contents ^ node 1 contents): CONTENTS_SOLID 
This means that none of the brushes in leaf 0 or 1 that touches the portal has CONTENTS_SOLID 
Check for a huge brush enclosing the coordinates above that has contents CONTENTS_SOLID 
Candidate brush IDs: Brush 3017: 


FindPortalSide: Couldn't find a good match for which brush to assign to a portal near (-132.4 -2453.8 -16.0)
Leaf 0 contents: 
Leaf 1 contents: CONTENTS_SOLID 
viscontents (node 0 contents ^ node 1 contents): CONTENTS_SOLID 
This means that none of the brushes in leaf 0 or 1 that touches the portal has CONTENTS_SOLID 
Check for a huge brush enclosing the coordinates above that has contents CONTENTS_SOLID 
Candidate brush IDs: Brush 3017: 

Processing areas...done (0)
Building Faces...done (0)
FixTjuncs...
PruneNodes...
WriteBSP...
done (0)
Creating default LDR cubemaps for env_cubemap using skybox materials:
   skybox/sky_day01_01*.vmt
 ! Run buildcubemaps in the engine to get the correct cube maps.
Creating default HDR cubemaps for env_cubemap using skybox materials:
   skybox/sky_day01_01*.vmt
 ! Run buildcubemaps in the engine to get the correct cube maps.
Finding displacement neighbors...
Finding lightmap sample positions...
Displacement Alpha : 0...1...2...3...4...5...6...7...8...9...10
Building Physics collision data...
done (0) (14286 bytes)
Placing detail props : 0...1...2...3...4...5...6...7...8...9...10
Compacting texture/material tables...
Reduced 111 texinfos to 73
Reduced 9 texdatas to 7 (272 bytes to 204)
Writing C:\Users\tinhanich\Documents\basplat_v2.bsp
MSG_FILEWRITE - Filesystem was asked to write to 'C:\Users\tinhanich\Documents\basplat_v2.bsp', but we don't own that location. Allowing.
Wrote ZIP buffer, estimated size 212667, actual size 211917
0 seconds elapsed



Using shader api: shaderapiempty.dll
materialPath: D:\SteamLibrary\steamapps\common\Team Fortress 2\tf\materials
Loading C:\Users\tinhanich\Documents\basplat_v2.vmf
Patching WVT material: maps/basplat_v2/dev/dev_blendmeasure_wvt_patch
fixing up env_cubemap materials on brush sides...
0...1...2...3...4...5...6...7...8...9...100...1...2...3...4...5...6...7...8...9...10**** leaked ****
Entity info_player_teamspawn (804.00 -2879.00 194.00) leaked!

FindPortalSide: Couldn't find a good match for which brush to assign to a portal near (-14.1 -2422.1 -17.2)
Leaf 0 contents: CONTENTS_SOLID 
Leaf 1 contents: 
viscontents (node 0 contents ^ node 1 contents): CONTENTS_SOLID 
This means that none of the brushes in leaf 0 or 1 that touches the portal has CONTENTS_SOLID 
Check for a huge brush enclosing the coordinates above that has contents CONTENTS_SOLID 
Candidate brush IDs: Brush 3017: 


FindPortalSide: Couldn't find a good match for which brush to assign to a portal near (-91.0 -2442.7 -16.0)
Leaf 0 contents: CONTENTS_SOLID 
Leaf 1 contents: 
viscontents (node 0 contents ^ node 1 contents): CONTENTS_SOLID 
This means that none of the brushes in leaf 0 or 1 that touches the portal has CONTENTS_SOLID 
Check for a huge brush enclosing the coordinates above that has contents CONTENTS_SOLID 
Candidate brush IDs: Brush 3017: 


FindPortalSide: Couldn't find a good match for which brush to assign to a portal near (-132.4 -2453.8 -16.0)
Leaf 0 contents: 
Leaf 1 contents: CONTENTS_SOLID 
viscontents (node 0 contents ^ node 1 contents): CONTENTS_SOLID 
This means that none of the brushes in leaf 0 or 1 that touches the portal has CONTENTS_SOLID 
Check for a huge brush enclosing the coordinates above that has contents CONTENTS_SOLID 
Candidate brush IDs: Brush 3017: 

Processing areas...done (0)
Building Faces...done (0)
FixTjuncs...
PruneNodes...
WriteBSP...
done (0)
Creating default LDR cubemaps for env_cubemap using skybox materials:
   skybox/sky_day01_01*.vmt
 ! Run buildcubemaps in the engine to get the correct cube maps.
Creating default HDR cubemaps for env_cubemap using skybox materials:
   skybox/sky_day01_01*.vmt
 ! Run buildcubemaps in the engine to get the correct cube maps.
Finding displacement neighbors...
Finding lightmap sample positions...
Displacement Alpha : 0...1...2...3...4...5...6...7...8...9...10
Building Physics collision data...
done (0) (16710 bytes)
Placing detail props : 0...1...2...3...4...5...6...7...8...9...10
Compacting texture/material tables...
Reduced 118 texinfos to 79
Reduced 9 texdatas to 7 (272 bytes to 204)
Writing C:\Users\tinhanich\Documents\basplat_v2.bsp
MSG_FILEWRITE - Filesystem was asked to write to 'C:\Users\tinhanich\Documents\basplat_v2.bsp', but we don't own that location. Allowing.
Wrote ZIP buffer, estimated size 212667, actual size 211917
0 seconds elapsed
